\BOOKMARK [1][-]{section*.1}{ABSTRACT}{section*.2}% 1
\BOOKMARK [1][-]{section.1}{Introduction}{}% 2
\BOOKMARK [1][-]{section.2}{Theory}{}% 3
\BOOKMARK [2][-]{subsection.2.1}{Some Aberrations}{section.2}% 4
\BOOKMARK [3][-]{subsubsection.2.1.1}{Coma}{subsection.2.1}% 5
\BOOKMARK [3][-]{subsubsection.2.1.2}{Chromatic Aberration}{subsection.2.1}% 6
\BOOKMARK [2][-]{subsection.2.2}{The CCD}{section.2}% 7
\BOOKMARK [2][-]{subsection.2.3}{Finding the Pixel Size}{section.2}% 8
\BOOKMARK [2][-]{subsection.2.4}{Different Cleaning Frame}{section.2}% 9
\BOOKMARK [3][-]{subsubsection.2.4.1}{Bias}{subsection.2.4}% 10
\BOOKMARK [3][-]{subsubsection.2.4.2}{Dark Current}{subsection.2.4}% 11
\BOOKMARK [3][-]{subsubsection.2.4.3}{Flat Field}{subsection.2.4}% 12
\BOOKMARK [2][-]{subsection.2.5}{Statistical Analysis}{section.2}% 13
\BOOKMARK [3][-]{subsubsection.2.5.1}{Noise of the Bias}{subsection.2.5}% 14
\BOOKMARK [3][-]{subsubsection.2.5.2}{Noise of the Flat Frames}{subsection.2.5}% 15
\BOOKMARK [3][-]{subsubsection.2.5.3}{Read Out Noise}{subsection.2.5}% 16
\BOOKMARK [3][-]{subsubsection.2.5.4}{Cleaning the Image}{subsection.2.5}% 17
\BOOKMARK [1][-]{section.3}{Method}{}% 18
\BOOKMARK [2][-]{subsection.3.1}{Color Camera and White Light and Lens}{section.3}% 19
\BOOKMARK [2][-]{subsection.3.2}{Monochromatic Camera and Single Slit}{section.3}% 20
\BOOKMARK [3][-]{subsubsection.3.2.1}{Setup}{subsection.3.2}% 21
\BOOKMARK [3][-]{subsubsection.3.2.2}{Statistical Analysis}{subsection.3.2}% 22
\BOOKMARK [2][-]{subsection.3.3}{Uncertainties}{section.3}% 23
\BOOKMARK [3][-]{subsubsection.3.3.1}{Color Camera and White Light and Lens}{subsection.3.3}% 24
\BOOKMARK [3][-]{subsubsection.3.3.2}{Monochromatic Camera and Single Slit}{subsection.3.3}% 25
\BOOKMARK [1][-]{section.4}{Results}{}% 26
\BOOKMARK [2][-]{subsection.4.1}{Color Camera and White Light and Lens}{section.4}% 27
\BOOKMARK [2][-]{subsection.4.2}{Monochromatic Camera and Single Slit}{section.4}% 28
\BOOKMARK [3][-]{subsubsection.4.2.1}{Pixel Size}{subsection.4.2}% 29
\BOOKMARK [1][-]{section.5}{Conclusions}{}% 30
